
ROM used:   108/65536 (0%)
            108/65536 (0%) including unused fragments

            0.0 Average locations per line
            0.3 Average locations per statement

RAM used:   10/3968 (0%) at main() level
            11/3968 (0%) worst case

Stack used: 1 worst case (1 in main + 0 for interrupts)
Stack size: 31

Lines Stmts  %   Files
----- ----- ---  -----
   34     7   2  Ejercicio1.c
  834     0   0  ..\..\..\..\..\..\Program Files (x86)\PICC\Devices\18F4620.h
 1351   359  98  ..\..\..\..\..\..\Program Files (x86)\PICC\Drivers\stdlib.h
   32     0   0  ..\..\..\..\..\..\Program Files (x86)\PICC\Drivers\stddef.h
  423     0   0  ..\..\..\..\..\..\Program Files (x86)\PICC\Drivers\string.h
   28     0   0  ..\..\..\..\..\..\Program Files (x86)\PICC\Drivers\ctype.h
   37     0   0  ..\..\..\..\..\..\Program Files (x86)\PICC\Drivers\stdio.h
----- -----
 2739   366 Total

Page ROM  %  RAM   Vol Diff  Functions:
---- --- --- ---   --- ----  ----------
0     40  19    1             @delay_ms1
0     64  30    0   113  1.7  MAIN
 Inline         0             @cinit1

Program metrics:
    Functions               1
    Statements              366
    Comments                709
    Volume (V)              117
    Difficulty (D)          1.5
    Effort to implement (E) 175
    Time to implement (T)   0 minutes
    Est Delivered Bugs (B)  0
    Cyclomatic Complexity   1
    Maintainability (MI)    30

 Segment     Used  Free
-----------  ----  ----
00000-00002     4  0  
00004-0FFFE   104  65428  



